<?xml version="1.0" encoding="UTF-8"?>
<!-- Generated by org.testng.reporters.JUnitReportReporter -->
<testsuite skipped="0" hostname="Sathya-PC" name="testcases.TC003_CreateLead" tests="1" failures="0" timestamp="21 Apr 2018 07:00:11 GMT" time="379.426" errors="0">
  <testcase name="createLead" time="379.426" classname="testcases.TC003_CreateLead"/>
</testsuite> <!-- testcases.TC003_CreateLead -->
