<?xml version="1.0" encoding="UTF-8"?>
<!-- Generated by org.testng.reporters.JUnitReportReporter -->
<testsuite name="testcases.TC005_DeleteLead" tests="1" time="41.255" ignored="0" failures="0" timestamp="10 Apr 2018 18:27:20 GMT" skipped="0" hostname="Sathya-PC" errors="0">
  <testcase name="deleteLead" time="41.255" classname="testcases.TC005_DeleteLead"/>
</testsuite> <!-- testcases.TC005_DeleteLead -->
