<?xml version="1.0" encoding="UTF-8"?>
<!-- Generated by org.testng.reporters.JUnitReportReporter -->
<testsuite name="testcases.TC004_EditLead" tests="1" time="63.042" ignored="0" failures="0" timestamp="09 Apr 2018 17:03:42 GMT" skipped="0" hostname="Sathya-PC" errors="0">
  <testcase name="editLead" time="63.042" classname="testcases.TC004_EditLead"/>
</testsuite> <!-- testcases.TC004_EditLead -->
