<?xml version="1.0" encoding="UTF-8"?>
<!-- Generated by org.testng.reporters.JUnitReportReporter -->
<testsuite name="testcases.TC006_MergeLead" tests="1" time="45.344" ignored="0" failures="0" timestamp="11 Apr 2018 18:34:44 GMT" skipped="0" hostname="Sathya-PC" errors="0">
  <testcase name="megeLead" time="45.344" classname="testcases.TC006_MergeLead"/>
</testsuite> <!-- testcases.TC006_MergeLead -->
